Traceback (most recent call last):
  File "/home/ec2-user/alertas/alerta.py", line 159, in <module>
    registrar_alarma_persistente(sensor_id, estacion_id, fecha, valor, observacion=mensaje)
  File "/home/ec2-user/alertas/alerta.py", line 77, in registrar_alarma_persistente
    notificar_alerta(sensor_id, estacion_id, valor, ultima["contador"] + 1)
  File "lib/sqlalchemy/cyextension/resultproxy.pyx", line 57, in sqlalchemy.cyextension.resultproxy.BaseRow._get_by_key_impl_mapping
  File "lib/sqlalchemy/cyextension/resultproxy.pyx", line 63, in sqlalchemy.cyextension.resultproxy.BaseRow._get_by_key_impl
  File "/home/ec2-user/alertas/venv/lib64/python3.7/site-packages/sqlalchemy/engine/result.py", line 203, in _key_not_found
    self._key_fallback(key, None)
  File "/home/ec2-user/alertas/venv/lib64/python3.7/site-packages/sqlalchemy/engine/cursor.py", line 828, in _key_fallback
    ) from err
sqlalchemy.exc.NoSuchColumnError: Could not locate column in row for column 'contador'
Traceback (most recent call last):
  File "/home/ec2-user/alertas/alerta.py", line 159, in <module>
    registrar_alarma_persistente(sensor_id, estacion_id, fecha, valor, observacion=mensaje)
  File "/home/ec2-user/alertas/alerta.py", line 77, in registrar_alarma_persistente
    notificar_alerta(sensor_id, estacion_id, valor, ultima["contador"] + 1)
  File "lib/sqlalchemy/cyextension/resultproxy.pyx", line 57, in sqlalchemy.cyextension.resultproxy.BaseRow._get_by_key_impl_mapping
  File "lib/sqlalchemy/cyextension/resultproxy.pyx", line 63, in sqlalchemy.cyextension.resultproxy.BaseRow._get_by_key_impl
  File "/home/ec2-user/alertas/venv/lib64/python3.7/site-packages/sqlalchemy/engine/result.py", line 203, in _key_not_found
    self._key_fallback(key, None)
  File "/home/ec2-user/alertas/venv/lib64/python3.7/site-packages/sqlalchemy/engine/cursor.py", line 828, in _key_fallback
    ) from err
sqlalchemy.exc.NoSuchColumnError: Could not locate column in row for column 'contador'
Traceback (most recent call last):
  File "/home/ec2-user/alertas/alerta.py", line 159, in <module>
    registrar_alarma_persistente(sensor_id, estacion_id, fecha, valor, observacion=mensaje)
  File "/home/ec2-user/alertas/alerta.py", line 77, in registrar_alarma_persistente
    notificar_alerta(sensor_id, estacion_id, valor, ultima["contador"] + 1)
  File "lib/sqlalchemy/cyextension/resultproxy.pyx", line 57, in sqlalchemy.cyextension.resultproxy.BaseRow._get_by_key_impl_mapping
  File "lib/sqlalchemy/cyextension/resultproxy.pyx", line 63, in sqlalchemy.cyextension.resultproxy.BaseRow._get_by_key_impl
  File "/home/ec2-user/alertas/venv/lib64/python3.7/site-packages/sqlalchemy/engine/result.py", line 203, in _key_not_found
    self._key_fallback(key, None)
  File "/home/ec2-user/alertas/venv/lib64/python3.7/site-packages/sqlalchemy/engine/cursor.py", line 828, in _key_fallback
    ) from err
sqlalchemy.exc.NoSuchColumnError: Could not locate column in row for column 'contador'
[INFO] Procedimiento 'marcar_pozos_detenidos' ejecutado con parámetro horas=4
[INFO] Procedimiento 'marcar_pozos_detenidos' ejecutado con parámetro horas=4
[INFO] Procedimiento 'marcar_pozos_detenidos' ejecutado con parámetro horas=4
[INFO] Procedimiento 'marcar_pozos_detenidos' ejecutado con parámetro horas=4
[INFO] Procedimiento 'marcar_pozos_detenidos' ejecutado con parámetro horas=4
[INFO] Procedimiento 'marcar_pozos_detenidos' ejecutado con parámetro horas=4
=== CRON EJECUTADO Thu Apr  3 20:47:01 UTC 2025 ===
[INFO] Procedimiento 'marcar_pozos_detenidos' ejecutado con parámetro horas=4
[INFO] Procedimiento 'marcar_pozos_detenidos' ejecutado con parámetro horas=4
=== CRON EJECUTADO Thu Apr  3 20:53:01 UTC 2025 ===
[INFO] Procedimiento 'marcar_pozos_detenidos' ejecutado con parámetro horas=4
=== CRON EJECUTADO Thu Apr  3 20:55:01 UTC 2025 ===
[INFO] Procedimiento 'marcar_pozos_detenidos' ejecutado con parámetro horas=4
=== CRON EJECUTADO Thu Apr  3 21:55:01 UTC 2025 ===
[INFO] Procedimiento 'marcar_pozos_detenidos' ejecutado con parámetro horas=4
=== CRON EJECUTADO Thu Apr  3 22:55:01 UTC 2025 ===
[INFO] Procedimiento 'marcar_pozos_detenidos' ejecutado con parámetro horas=4
=== CRON EJECUTADO Thu Apr  3 23:55:01 UTC 2025 ===
[INFO] Procedimiento 'marcar_pozos_detenidos' ejecutado con parámetro horas=4
=== CRON EJECUTADO Fri Apr  4 00:55:01 UTC 2025 ===
[INFO] Procedimiento 'marcar_pozos_detenidos' ejecutado con parámetro horas=4
=== CRON EJECUTADO Fri Apr  4 01:20:01 UTC 2025 ===
[INFO] Procedimiento 'marcar_pozos_detenidos' ejecutado con parámetro horas=4
=== CRON EJECUTADO Fri Apr  4 02:20:01 UTC 2025 ===
[INFO] Procedimiento 'marcar_pozos_detenidos' ejecutado con parámetro horas=4
=== CRON EJECUTADO Fri Apr  4 03:20:01 UTC 2025 ===
[INFO] Procedimiento 'marcar_pozos_detenidos' ejecutado con parámetro horas=4
=== CRON EJECUTADO Fri Apr  4 04:20:01 UTC 2025 ===
[INFO] Procedimiento 'marcar_pozos_detenidos' ejecutado con parámetro horas=4
=== CRON EJECUTADO Fri Apr  4 05:20:01 UTC 2025 ===
[INFO] Procedimiento 'marcar_pozos_detenidos' ejecutado con parámetro horas=4
=== CRON EJECUTADO Fri Apr  4 06:20:01 UTC 2025 ===
[INFO] Procedimiento 'marcar_pozos_detenidos' ejecutado con parámetro horas=4
=== CRON EJECUTADO Fri Apr  4 07:20:01 UTC 2025 ===
[INFO] Procedimiento 'marcar_pozos_detenidos' ejecutado con parámetro horas=4
=== CRON EJECUTADO Fri Apr  4 08:20:01 UTC 2025 ===
[INFO] Procedimiento 'marcar_pozos_detenidos' ejecutado con parámetro horas=4
=== CRON EJECUTADO Fri Apr  4 09:20:01 UTC 2025 ===
[INFO] Procedimiento 'marcar_pozos_detenidos' ejecutado con parámetro horas=4
=== CRON EJECUTADO Fri Apr  4 10:20:01 UTC 2025 ===
[INFO] Procedimiento 'marcar_pozos_detenidos' ejecutado con parámetro horas=4
=== CRON EJECUTADO Fri Apr  4 11:20:01 UTC 2025 ===
[INFO] Procedimiento 'marcar_pozos_detenidos' ejecutado con parámetro horas=4
=== CRON EJECUTADO Fri Apr  4 11:25:01 UTC 2025 ===
[INFO] Procedimiento 'marcar_pozos_detenidos' ejecutado con parámetro horas=4
=== CRON EJECUTADO Fri Apr  4 12:15:01 UTC 2025 ===
[INFO] Procedimiento 'marcar_pozos_detenidos' ejecutado con parámetro horas=4
=== CRON EJECUTADO Fri Apr  4 12:33:59 UTC 2025 ===
[INFO] Procedimiento 'marcar_pozos_detenidos' ejecutado con parámetro horas=4
=== CRON EJECUTADO Fri Apr  4 13:15:01 UTC 2025 ===
[INFO] Procedimiento 'marcar_pozos_detenidos' ejecutado con parámetro horas=4
=== CRON EJECUTADO Fri Apr  4 14:15:01 UTC 2025 ===
[INFO] Procedimiento 'marcar_pozos_detenidos' ejecutado con parámetro horas=4
=== CRON EJECUTADO Fri Apr  4 15:15:01 UTC 2025 ===
[INFO] Procedimiento 'marcar_pozos_detenidos' ejecutado con parámetro horas=4
=== CRON EJECUTADO Fri Apr  4 16:15:01 UTC 2025 ===
[INFO] Procedimiento 'marcar_pozos_detenidos' ejecutado con parámetro horas=4
=== CRON EJECUTADO Fri Apr  4 16:18:08 UTC 2025 ===
[INFO] Procedimiento 'marcar_pozos_detenidos' ejecutado con parámetro horas=4
[RESUELTA] Sensor 218 volvió a emitir datos (alerta resuelta).
[RESUELTA] Sensor 219 volvió a emitir datos (alerta resuelta).
[RESUELTA] Sensor 220 volvió a emitir datos (alerta resuelta).
[RESUELTA] Sensor 247 volvió a emitir datos (alerta resuelta).
[RESUELTA] Sensor 273 volvió a emitir datos (alerta resuelta).
=== CRON EJECUTADO Fri Apr  4 16:19:04 UTC 2025 ===
[INFO] Procedimiento 'marcar_pozos_detenidos' ejecutado con parámetro horas=4
[RESUELTA] Sensor 218 volvió a emitir datos (alerta resuelta).
[RESUELTA] Sensor 219 volvió a emitir datos (alerta resuelta).
[RESUELTA] Sensor 220 volvió a emitir datos (alerta resuelta).
[RESUELTA] Sensor 247 volvió a emitir datos (alerta resuelta).
[RESUELTA] Sensor 273 volvió a emitir datos (alerta resuelta).
=== CRON EJECUTADO Fri Apr  4 17:15:01 UTC 2025 ===
[INFO] Procedimiento 'marcar_pozos_detenidos' ejecutado con parámetro horas=4
=== CRON EJECUTADO Fri Apr  4 18:15:01 UTC 2025 ===
[INFO] Procedimiento 'marcar_pozos_detenidos' ejecutado con parámetro horas=4
=== CRON EJECUTADO Fri Apr  4 19:15:01 UTC 2025 ===
[INFO] Procedimiento 'marcar_pozos_detenidos' ejecutado con parámetro horas=4
=== CRON EJECUTADO Fri Apr  4 20:15:01 UTC 2025 ===
[INFO] Procedimiento 'marcar_pozos_detenidos' ejecutado con parámetro horas=4
=== CRON EJECUTADO Fri Apr  4 21:15:01 UTC 2025 ===
[INFO] Procedimiento 'marcar_pozos_detenidos' ejecutado con parámetro horas=4
=== CRON EJECUTADO Fri Apr  4 22:15:02 UTC 2025 ===
[INFO] Procedimiento 'marcar_pozos_detenidos' ejecutado con parámetro horas=4
=== CRON EJECUTADO Fri Apr  4 23:15:01 UTC 2025 ===
[INFO] Procedimiento 'marcar_pozos_detenidos' ejecutado con parámetro horas=4
=== CRON EJECUTADO Sat Apr  5 00:15:01 UTC 2025 ===
[INFO] Procedimiento 'marcar_pozos_detenidos' ejecutado con parámetro horas=4
=== CRON EJECUTADO Sat Apr  5 01:15:01 UTC 2025 ===
[INFO] Procedimiento 'marcar_pozos_detenidos' ejecutado con parámetro horas=4
=== CRON EJECUTADO Sat Apr  5 02:15:01 UTC 2025 ===
[INFO] Procedimiento 'marcar_pozos_detenidos' ejecutado con parámetro horas=4
=== CRON EJECUTADO Sat Apr  5 03:15:01 UTC 2025 ===
[INFO] Procedimiento 'marcar_pozos_detenidos' ejecutado con parámetro horas=4
=== CRON EJECUTADO Sat Apr  5 04:15:01 UTC 2025 ===
[INFO] Procedimiento 'marcar_pozos_detenidos' ejecutado con parámetro horas=4
=== CRON EJECUTADO Sat Apr  5 05:15:01 UTC 2025 ===
[INFO] Procedimiento 'marcar_pozos_detenidos' ejecutado con parámetro horas=4
=== CRON EJECUTADO Sat Apr  5 06:15:01 UTC 2025 ===
[INFO] Procedimiento 'marcar_pozos_detenidos' ejecutado con parámetro horas=4
=== CRON EJECUTADO Sat Apr  5 07:15:01 UTC 2025 ===
[INFO] Procedimiento 'marcar_pozos_detenidos' ejecutado con parámetro horas=4
=== CRON EJECUTADO Sat Apr  5 08:15:01 UTC 2025 ===
[INFO] Procedimiento 'marcar_pozos_detenidos' ejecutado con parámetro horas=4
=== CRON EJECUTADO Sat Apr  5 09:15:01 UTC 2025 ===
[INFO] Procedimiento 'marcar_pozos_detenidos' ejecutado con parámetro horas=4
=== CRON EJECUTADO Sat Apr  5 10:15:01 UTC 2025 ===
[INFO] Procedimiento 'marcar_pozos_detenidos' ejecutado con parámetro horas=4
=== CRON EJECUTADO Sat Apr  5 11:15:01 UTC 2025 ===
[INFO] Procedimiento 'marcar_pozos_detenidos' ejecutado con parámetro horas=4
=== CRON EJECUTADO Sat Apr  5 12:15:01 UTC 2025 ===
[INFO] Procedimiento 'marcar_pozos_detenidos' ejecutado con parámetro horas=4
=== CRON EJECUTADO Sat Apr  5 13:15:01 UTC 2025 ===
[INFO] Procedimiento 'marcar_pozos_detenidos' ejecutado con parámetro horas=4
=== CRON EJECUTADO Sat Apr  5 14:15:01 UTC 2025 ===
[INFO] Procedimiento 'marcar_pozos_detenidos' ejecutado con parámetro horas=4
=== CRON EJECUTADO Sat Apr  5 15:15:01 UTC 2025 ===
[INFO] Procedimiento 'marcar_pozos_detenidos' ejecutado con parámetro horas=4
=== CRON EJECUTADO Sat Apr  5 16:15:01 UTC 2025 ===
[INFO] Procedimiento 'marcar_pozos_detenidos' ejecutado con parámetro horas=4
=== CRON EJECUTADO Sat Apr  5 17:15:01 UTC 2025 ===
[INFO] Procedimiento 'marcar_pozos_detenidos' ejecutado con parámetro horas=4
=== CRON EJECUTADO Sat Apr  5 18:15:01 UTC 2025 ===
[INFO] Procedimiento 'marcar_pozos_detenidos' ejecutado con parámetro horas=4
=== CRON EJECUTADO Sat Apr  5 19:15:01 UTC 2025 ===
[INFO] Procedimiento 'marcar_pozos_detenidos' ejecutado con parámetro horas=4
=== CRON EJECUTADO Sat Apr  5 20:15:01 UTC 2025 ===
[INFO] Procedimiento 'marcar_pozos_detenidos' ejecutado con parámetro horas=4
=== CRON EJECUTADO Sat Apr  5 21:15:01 UTC 2025 ===
[INFO] Procedimiento 'marcar_pozos_detenidos' ejecutado con parámetro horas=4
=== CRON EJECUTADO Sat Apr  5 22:15:01 UTC 2025 ===
[INFO] Procedimiento 'marcar_pozos_detenidos' ejecutado con parámetro horas=4
=== CRON EJECUTADO Sat Apr  5 23:15:01 UTC 2025 ===
[INFO] Procedimiento 'marcar_pozos_detenidos' ejecutado con parámetro horas=4
=== CRON EJECUTADO Sun Apr  6 00:15:01 UTC 2025 ===
[INFO] Procedimiento 'marcar_pozos_detenidos' ejecutado con parámetro horas=4
=== CRON EJECUTADO Sun Apr  6 01:15:01 UTC 2025 ===
[INFO] Procedimiento 'marcar_pozos_detenidos' ejecutado con parámetro horas=4
=== CRON EJECUTADO Sun Apr  6 02:15:01 UTC 2025 ===
[INFO] Procedimiento 'marcar_pozos_detenidos' ejecutado con parámetro horas=4
=== CRON EJECUTADO Sun Apr  6 03:15:01 UTC 2025 ===
[INFO] Procedimiento 'marcar_pozos_detenidos' ejecutado con parámetro horas=4
=== CRON EJECUTADO Sun Apr  6 04:15:01 UTC 2025 ===
[INFO] Procedimiento 'marcar_pozos_detenidos' ejecutado con parámetro horas=4
=== CRON EJECUTADO Sun Apr  6 05:15:01 UTC 2025 ===
[INFO] Procedimiento 'marcar_pozos_detenidos' ejecutado con parámetro horas=4
=== CRON EJECUTADO Sun Apr  6 06:15:01 UTC 2025 ===
[INFO] Procedimiento 'marcar_pozos_detenidos' ejecutado con parámetro horas=4
=== CRON EJECUTADO Sun Apr  6 07:15:01 UTC 2025 ===
[INFO] Procedimiento 'marcar_pozos_detenidos' ejecutado con parámetro horas=4
=== CRON EJECUTADO Sun Apr  6 08:15:01 UTC 2025 ===
[INFO] Procedimiento 'marcar_pozos_detenidos' ejecutado con parámetro horas=4
=== CRON EJECUTADO Sun Apr  6 09:15:01 UTC 2025 ===
[INFO] Procedimiento 'marcar_pozos_detenidos' ejecutado con parámetro horas=4
=== CRON EJECUTADO Sun Apr  6 10:15:01 UTC 2025 ===
[INFO] Procedimiento 'marcar_pozos_detenidos' ejecutado con parámetro horas=4
=== CRON EJECUTADO Sun Apr  6 11:15:01 UTC 2025 ===
[INFO] Procedimiento 'marcar_pozos_detenidos' ejecutado con parámetro horas=4
=== CRON EJECUTADO Sun Apr  6 12:15:01 UTC 2025 ===
[INFO] Procedimiento 'marcar_pozos_detenidos' ejecutado con parámetro horas=4
=== CRON EJECUTADO Sun Apr  6 13:15:01 UTC 2025 ===
[INFO] Procedimiento 'marcar_pozos_detenidos' ejecutado con parámetro horas=4
=== CRON EJECUTADO Sun Apr  6 14:15:01 UTC 2025 ===
[INFO] Procedimiento 'marcar_pozos_detenidos' ejecutado con parámetro horas=4
=== CRON EJECUTADO Sun Apr  6 15:15:01 UTC 2025 ===
[INFO] Procedimiento 'marcar_pozos_detenidos' ejecutado con parámetro horas=4
=== CRON EJECUTADO Sun Apr  6 16:15:01 UTC 2025 ===
[INFO] Procedimiento 'marcar_pozos_detenidos' ejecutado con parámetro horas=4
=== CRON EJECUTADO Sun Apr  6 17:15:01 UTC 2025 ===
[INFO] Procedimiento 'marcar_pozos_detenidos' ejecutado con parámetro horas=4
=== CRON EJECUTADO Sun Apr  6 18:15:01 UTC 2025 ===
[INFO] Procedimiento 'marcar_pozos_detenidos' ejecutado con parámetro horas=4
=== CRON EJECUTADO Sun Apr  6 19:15:01 UTC 2025 ===
[INFO] Procedimiento 'marcar_pozos_detenidos' ejecutado con parámetro horas=4
=== CRON EJECUTADO Sun Apr  6 20:15:01 UTC 2025 ===
[INFO] Procedimiento 'marcar_pozos_detenidos' ejecutado con parámetro horas=4
=== CRON EJECUTADO Sun Apr  6 21:15:01 UTC 2025 ===
[INFO] Procedimiento 'marcar_pozos_detenidos' ejecutado con parámetro horas=4
=== CRON EJECUTADO Sun Apr  6 22:15:01 UTC 2025 ===
[INFO] Procedimiento 'marcar_pozos_detenidos' ejecutado con parámetro horas=4
=== CRON EJECUTADO Sun Apr  6 23:15:01 UTC 2025 ===
[INFO] Procedimiento 'marcar_pozos_detenidos' ejecutado con parámetro horas=4
=== CRON EJECUTADO Mon Apr  7 00:15:02 UTC 2025 ===
[INFO] Procedimiento 'marcar_pozos_detenidos' ejecutado con parámetro horas=4
=== CRON EJECUTADO Mon Apr  7 01:15:01 UTC 2025 ===
[INFO] Procedimiento 'marcar_pozos_detenidos' ejecutado con parámetro horas=4
=== CRON EJECUTADO Mon Apr  7 02:15:01 UTC 2025 ===
[INFO] Procedimiento 'marcar_pozos_detenidos' ejecutado con parámetro horas=4
=== CRON EJECUTADO Mon Apr  7 03:15:01 UTC 2025 ===
[INFO] Procedimiento 'marcar_pozos_detenidos' ejecutado con parámetro horas=4
=== CRON EJECUTADO Mon Apr  7 04:15:01 UTC 2025 ===
[INFO] Procedimiento 'marcar_pozos_detenidos' ejecutado con parámetro horas=4
=== CRON EJECUTADO Mon Apr  7 05:15:02 UTC 2025 ===
[INFO] Procedimiento 'marcar_pozos_detenidos' ejecutado con parámetro horas=4
=== CRON EJECUTADO Mon Apr  7 06:15:01 UTC 2025 ===
[INFO] Procedimiento 'marcar_pozos_detenidos' ejecutado con parámetro horas=4
=== CRON EJECUTADO Mon Apr  7 07:15:01 UTC 2025 ===
[INFO] Procedimiento 'marcar_pozos_detenidos' ejecutado con parámetro horas=4
=== CRON EJECUTADO Mon Apr  7 08:15:01 UTC 2025 ===
[INFO] Procedimiento 'marcar_pozos_detenidos' ejecutado con parámetro horas=4
=== CRON EJECUTADO Mon Apr  7 09:15:01 UTC 2025 ===
[INFO] Procedimiento 'marcar_pozos_detenidos' ejecutado con parámetro horas=4
=== CRON EJECUTADO Mon Apr  7 10:15:01 UTC 2025 ===
[INFO] Procedimiento 'marcar_pozos_detenidos' ejecutado con parámetro horas=4
=== CRON EJECUTADO Mon Apr  7 11:15:01 UTC 2025 ===
[INFO] Procedimiento 'marcar_pozos_detenidos' ejecutado con parámetro horas=4
=== CRON EJECUTADO Mon Apr  7 12:15:01 UTC 2025 ===
[INFO] Procedimiento 'marcar_pozos_detenidos' ejecutado con parámetro horas=4
=== CRON EJECUTADO Mon Apr  7 13:15:01 UTC 2025 ===
[INFO] Procedimiento 'marcar_pozos_detenidos' ejecutado con parámetro horas=4
=== CRON EJECUTADO Mon Apr  7 14:15:01 UTC 2025 ===
[INFO] Procedimiento 'marcar_pozos_detenidos' ejecutado con parámetro horas=4
=== CRON EJECUTADO Mon Apr  7 15:15:01 UTC 2025 ===
[INFO] Procedimiento 'marcar_pozos_detenidos' ejecutado con parámetro horas=4
=== CRON EJECUTADO Mon Apr  7 16:15:01 UTC 2025 ===
[INFO] Procedimiento 'marcar_pozos_detenidos' ejecutado con parámetro horas=4
=== CRON EJECUTADO Mon Apr  7 17:15:01 UTC 2025 ===
[INFO] Procedimiento 'marcar_pozos_detenidos' ejecutado con parámetro horas=4
=== CRON EJECUTADO Mon Apr  7 18:15:01 UTC 2025 ===
[INFO] Procedimiento 'marcar_pozos_detenidos' ejecutado con parámetro horas=4
=== CRON EJECUTADO Mon Apr  7 19:15:01 UTC 2025 ===
[INFO] Procedimiento 'marcar_pozos_detenidos' ejecutado con parámetro horas=4
=== CRON EJECUTADO Mon Apr  7 20:15:01 UTC 2025 ===
[INFO] Procedimiento 'marcar_pozos_detenidos' ejecutado con parámetro horas=4
=== CRON EJECUTADO Mon Apr  7 21:15:01 UTC 2025 ===
[INFO] Procedimiento 'marcar_pozos_detenidos' ejecutado con parámetro horas=4
=== CRON EJECUTADO Mon Apr  7 22:15:01 UTC 2025 ===
[INFO] Procedimiento 'marcar_pozos_detenidos' ejecutado con parámetro horas=4
=== CRON EJECUTADO Mon Apr  7 23:15:01 UTC 2025 ===
[INFO] Procedimiento 'marcar_pozos_detenidos' ejecutado con parámetro horas=4
=== CRON EJECUTADO Tue Apr  8 00:15:02 UTC 2025 ===
[INFO] Procedimiento 'marcar_pozos_detenidos' ejecutado con parámetro horas=4
=== CRON EJECUTADO Tue Apr  8 01:15:01 UTC 2025 ===
[INFO] Procedimiento 'marcar_pozos_detenidos' ejecutado con parámetro horas=4
=== CRON EJECUTADO Tue Apr  8 02:15:01 UTC 2025 ===
[INFO] Procedimiento 'marcar_pozos_detenidos' ejecutado con parámetro horas=4
=== CRON EJECUTADO Tue Apr  8 03:15:01 UTC 2025 ===
[INFO] Procedimiento 'marcar_pozos_detenidos' ejecutado con parámetro horas=4
=== CRON EJECUTADO Tue Apr  8 04:15:01 UTC 2025 ===
[INFO] Procedimiento 'marcar_pozos_detenidos' ejecutado con parámetro horas=4
=== CRON EJECUTADO Tue Apr  8 05:15:01 UTC 2025 ===
[INFO] Procedimiento 'marcar_pozos_detenidos' ejecutado con parámetro horas=4
=== CRON EJECUTADO Tue Apr  8 06:15:01 UTC 2025 ===
[INFO] Procedimiento 'marcar_pozos_detenidos' ejecutado con parámetro horas=4
=== CRON EJECUTADO Tue Apr  8 07:15:01 UTC 2025 ===
[INFO] Procedimiento 'marcar_pozos_detenidos' ejecutado con parámetro horas=4
=== CRON EJECUTADO Tue Apr  8 08:15:01 UTC 2025 ===
[INFO] Procedimiento 'marcar_pozos_detenidos' ejecutado con parámetro horas=4
=== CRON EJECUTADO Tue Apr  8 09:15:01 UTC 2025 ===
[INFO] Procedimiento 'marcar_pozos_detenidos' ejecutado con parámetro horas=4
=== CRON EJECUTADO Tue Apr  8 10:15:01 UTC 2025 ===
[INFO] Procedimiento 'marcar_pozos_detenidos' ejecutado con parámetro horas=4
=== CRON EJECUTADO Tue Apr  8 11:15:01 UTC 2025 ===
[INFO] Procedimiento 'marcar_pozos_detenidos' ejecutado con parámetro horas=4
=== CRON EJECUTADO Tue Apr  8 12:15:01 UTC 2025 ===
[INFO] Procedimiento 'marcar_pozos_detenidos' ejecutado con parámetro horas=4
=== CRON EJECUTADO Tue Apr  8 13:15:01 UTC 2025 ===
[INFO] Procedimiento 'marcar_pozos_detenidos' ejecutado con parámetro horas=4
=== CRON EJECUTADO Tue Apr  8 14:15:01 UTC 2025 ===
[INFO] Procedimiento 'marcar_pozos_detenidos' ejecutado con parámetro horas=4
=== CRON EJECUTADO Tue Apr  8 15:15:01 UTC 2025 ===
[INFO] Procedimiento 'marcar_pozos_detenidos' ejecutado con parámetro horas=4
=== CRON EJECUTADO Tue Apr  8 16:15:01 UTC 2025 ===
[INFO] Procedimiento 'marcar_pozos_detenidos' ejecutado con parámetro horas=4
=== CRON EJECUTADO Tue Apr  8 17:15:01 UTC 2025 ===
[INFO] Procedimiento 'marcar_pozos_detenidos' ejecutado con parámetro horas=4
=== CRON EJECUTADO Tue Apr  8 18:15:01 UTC 2025 ===
[INFO] Procedimiento 'marcar_pozos_detenidos' ejecutado con parámetro horas=4
=== CRON EJECUTADO Tue Apr  8 19:15:01 UTC 2025 ===
[INFO] Procedimiento 'marcar_pozos_detenidos' ejecutado con parámetro horas=4
=== CRON EJECUTADO Tue Apr  8 20:15:01 UTC 2025 ===
[INFO] Procedimiento 'marcar_pozos_detenidos' ejecutado con parámetro horas=4
=== CRON EJECUTADO Tue Apr  8 21:15:01 UTC 2025 ===
[INFO] Procedimiento 'marcar_pozos_detenidos' ejecutado con parámetro horas=4
=== CRON EJECUTADO Tue Apr  8 22:15:01 UTC 2025 ===
[INFO] Procedimiento 'marcar_pozos_detenidos' ejecutado con parámetro horas=4
=== CRON EJECUTADO Tue Apr  8 23:15:01 UTC 2025 ===
[INFO] Procedimiento 'marcar_pozos_detenidos' ejecutado con parámetro horas=4
=== CRON EJECUTADO Wed Apr  9 00:15:01 UTC 2025 ===
[INFO] Procedimiento 'marcar_pozos_detenidos' ejecutado con parámetro horas=4
=== CRON EJECUTADO Wed Apr  9 01:15:01 UTC 2025 ===
[INFO] Procedimiento 'marcar_pozos_detenidos' ejecutado con parámetro horas=4
=== CRON EJECUTADO Wed Apr  9 02:15:01 UTC 2025 ===
[INFO] Procedimiento 'marcar_pozos_detenidos' ejecutado con parámetro horas=4
=== CRON EJECUTADO Wed Apr  9 03:15:01 UTC 2025 ===
[INFO] Procedimiento 'marcar_pozos_detenidos' ejecutado con parámetro horas=4
=== CRON EJECUTADO Wed Apr  9 04:15:01 UTC 2025 ===
[INFO] Procedimiento 'marcar_pozos_detenidos' ejecutado con parámetro horas=4
=== CRON EJECUTADO Wed Apr  9 05:15:01 UTC 2025 ===
[INFO] Procedimiento 'marcar_pozos_detenidos' ejecutado con parámetro horas=4
=== CRON EJECUTADO Wed Apr  9 06:15:01 UTC 2025 ===
[INFO] Procedimiento 'marcar_pozos_detenidos' ejecutado con parámetro horas=4
=== CRON EJECUTADO Wed Apr  9 07:15:01 UTC 2025 ===
[INFO] Procedimiento 'marcar_pozos_detenidos' ejecutado con parámetro horas=4
=== CRON EJECUTADO Wed Apr  9 08:15:01 UTC 2025 ===
[INFO] Procedimiento 'marcar_pozos_detenidos' ejecutado con parámetro horas=4
=== CRON EJECUTADO Wed Apr  9 09:15:01 UTC 2025 ===
[INFO] Procedimiento 'marcar_pozos_detenidos' ejecutado con parámetro horas=4
=== CRON EJECUTADO Wed Apr  9 10:15:01 UTC 2025 ===
[INFO] Procedimiento 'marcar_pozos_detenidos' ejecutado con parámetro horas=4
=== CRON EJECUTADO Wed Apr  9 11:15:01 UTC 2025 ===
[INFO] Procedimiento 'marcar_pozos_detenidos' ejecutado con parámetro horas=4
=== CRON EJECUTADO Wed Apr  9 12:15:01 UTC 2025 ===
[INFO] Procedimiento 'marcar_pozos_detenidos' ejecutado con parámetro horas=4
=== CRON EJECUTADO Wed Apr  9 13:15:01 UTC 2025 ===
[INFO] Procedimiento 'marcar_pozos_detenidos' ejecutado con parámetro horas=4
=== CRON EJECUTADO Wed Apr  9 14:15:01 UTC 2025 ===
[INFO] Procedimiento 'marcar_pozos_detenidos' ejecutado con parámetro horas=4
=== CRON EJECUTADO Wed Apr  9 15:15:01 UTC 2025 ===
[INFO] Procedimiento 'marcar_pozos_detenidos' ejecutado con parámetro horas=4
=== CRON EJECUTADO Wed Apr  9 16:15:01 UTC 2025 ===
[INFO] Procedimiento 'marcar_pozos_detenidos' ejecutado con parámetro horas=4
=== CRON EJECUTADO Wed Apr  9 17:15:01 UTC 2025 ===
[INFO] Procedimiento 'marcar_pozos_detenidos' ejecutado con parámetro horas=4
=== CRON EJECUTADO Wed Apr  9 18:15:01 UTC 2025 ===
[INFO] Procedimiento 'marcar_pozos_detenidos' ejecutado con parámetro horas=4
=== CRON EJECUTADO Wed Apr  9 19:15:01 UTC 2025 ===
[INFO] Procedimiento 'marcar_pozos_detenidos' ejecutado con parámetro horas=4
=== CRON EJECUTADO Wed Apr  9 20:15:01 UTC 2025 ===
[INFO] Procedimiento 'marcar_pozos_detenidos' ejecutado con parámetro horas=4
=== CRON EJECUTADO Wed Apr  9 21:15:01 UTC 2025 ===
[INFO] Procedimiento 'marcar_pozos_detenidos' ejecutado con parámetro horas=4
=== CRON EJECUTADO Wed Apr  9 22:15:01 UTC 2025 ===
[INFO] Procedimiento 'marcar_pozos_detenidos' ejecutado con parámetro horas=4
=== CRON EJECUTADO Wed Apr  9 23:15:01 UTC 2025 ===
[INFO] Procedimiento 'marcar_pozos_detenidos' ejecutado con parámetro horas=4
=== CRON EJECUTADO Thu Apr 10 00:15:01 UTC 2025 ===
[INFO] Procedimiento 'marcar_pozos_detenidos' ejecutado con parámetro horas=4
=== CRON EJECUTADO Thu Apr 10 01:15:01 UTC 2025 ===
[INFO] Procedimiento 'marcar_pozos_detenidos' ejecutado con parámetro horas=4
=== CRON EJECUTADO Thu Apr 10 02:15:01 UTC 2025 ===
[INFO] Procedimiento 'marcar_pozos_detenidos' ejecutado con parámetro horas=4
=== CRON EJECUTADO Thu Apr 10 03:15:01 UTC 2025 ===
[INFO] Procedimiento 'marcar_pozos_detenidos' ejecutado con parámetro horas=4
=== CRON EJECUTADO Thu Apr 10 04:15:01 UTC 2025 ===
[INFO] Procedimiento 'marcar_pozos_detenidos' ejecutado con parámetro horas=4
=== CRON EJECUTADO Thu Apr 10 05:15:01 UTC 2025 ===
[INFO] Procedimiento 'marcar_pozos_detenidos' ejecutado con parámetro horas=4
=== CRON EJECUTADO Thu Apr 10 06:15:01 UTC 2025 ===
[INFO] Procedimiento 'marcar_pozos_detenidos' ejecutado con parámetro horas=4
=== CRON EJECUTADO Thu Apr 10 07:15:01 UTC 2025 ===
[INFO] Procedimiento 'marcar_pozos_detenidos' ejecutado con parámetro horas=4
=== CRON EJECUTADO Thu Apr 10 08:15:01 UTC 2025 ===
[INFO] Procedimiento 'marcar_pozos_detenidos' ejecutado con parámetro horas=4
=== CRON EJECUTADO Thu Apr 10 09:15:01 UTC 2025 ===
[INFO] Procedimiento 'marcar_pozos_detenidos' ejecutado con parámetro horas=4
=== CRON EJECUTADO Thu Apr 10 10:15:01 UTC 2025 ===
[INFO] Procedimiento 'marcar_pozos_detenidos' ejecutado con parámetro horas=4
=== CRON EJECUTADO Thu Apr 10 11:15:01 UTC 2025 ===
[INFO] Procedimiento 'marcar_pozos_detenidos' ejecutado con parámetro horas=4
=== CRON EJECUTADO Thu Apr 10 12:15:01 UTC 2025 ===
[INFO] Procedimiento 'marcar_pozos_detenidos' ejecutado con parámetro horas=4
=== CRON EJECUTADO Thu Apr 10 13:15:01 UTC 2025 ===
[INFO] Procedimiento 'marcar_pozos_detenidos' ejecutado con parámetro horas=4
=== CRON EJECUTADO Thu Apr 10 14:15:01 UTC 2025 ===
[INFO] Procedimiento 'marcar_pozos_detenidos' ejecutado con parámetro horas=4
=== CRON EJECUTADO Thu Apr 10 15:15:01 UTC 2025 ===
[INFO] Procedimiento 'marcar_pozos_detenidos' ejecutado con parámetro horas=4
=== CRON EJECUTADO Thu Apr 10 16:15:01 UTC 2025 ===
[INFO] Procedimiento 'marcar_pozos_detenidos' ejecutado con parámetro horas=4
=== CRON EJECUTADO Thu Apr 10 17:15:01 UTC 2025 ===
[INFO] Procedimiento 'marcar_pozos_detenidos' ejecutado con parámetro horas=4
